<?xml version="1.0" encoding="UTF-8"?>
<testExecutions version="1">
    <file path="/media/dsipos/Data/htdocs/sui-js/src/component/formField.spec.ts">
        <testCase name="formField should be instance of FormField" duration="131"/>
    </file>
</testExecutions>